<?xml version="1.0" encoding="UTF-8"?>
<coverage generated="1683821352812" clover="3.2.0">
  <project timestamp="1683821352812" name="All files">
    <metrics statements="28" coveredstatements="28" conditionals="2" coveredconditionals="1" methods="11" coveredmethods="11" elements="41" coveredelements="40" complexity="0" loc="28" ncloc="28" packages="1" files="2" classes="2"/>
    <file name="Task.js" path="/Users/alvaroalvaroiporremartinez/Desktop/microverse/projects/ToDoList/src/modules/Task.js">
      <metrics statements="3" coveredstatements="3" conditionals="0" coveredconditionals="0" methods="1" coveredmethods="1"/>
      <line num="3" count="13" type="stmt"/>
      <line num="4" count="13" type="stmt"/>
      <line num="5" count="13" type="stmt"/>
    </file>
    <file name="Tasks.js" path="/Users/alvaroalvaroiporremartinez/Desktop/microverse/projects/ToDoList/src/modules/Tasks.js">
      <metrics statements="25" coveredstatements="25" conditionals="2" coveredconditionals="1" methods="10" coveredmethods="10"/>
      <line num="3" count="7" type="cond" truecount="1" falsecount="1"/>
      <line num="6" count="7" type="stmt"/>
      <line num="7" count="13" type="stmt"/>
      <line num="8" count="13" type="stmt"/>
      <line num="9" count="13" type="stmt"/>
      <line num="12" count="7" type="stmt"/>
      <line num="13" count="4" type="stmt"/>
      <line num="14" count="2" type="stmt"/>
      <line num="15" count="2" type="stmt"/>
      <line num="16" count="2" type="stmt"/>
      <line num="19" count="7" type="stmt"/>
      <line num="20" count="1" type="stmt"/>
      <line num="21" count="1" type="stmt"/>
      <line num="24" count="7" type="stmt"/>
      <line num="25" count="3" type="stmt"/>
      <line num="26" count="4" type="stmt"/>
      <line num="28" count="3" type="stmt"/>
      <line num="31" count="7" type="stmt"/>
      <line num="32" count="3" type="stmt"/>
      <line num="33" count="3" type="stmt"/>
      <line num="36" count="7" type="stmt"/>
      <line num="37" count="22" type="stmt"/>
      <line num="40" count="7" type="stmt"/>
      <line num="41" count="4" type="stmt"/>
      <line num="42" count="1" type="stmt"/>
    </file>
  </project>
</coverage>
