{"/Users/alvaroalvaroiporremartinez/Desktop/microverse/projects/ToDoList/src/modules/Task.js": {"path":"/Users/alvaroalvaroiporremartinez/Desktop/microverse/projects/ToDoList/src/modules/Task.js","statementMap":{"0":{"start":{"line":3,"column":4},"end":{"line":3,"column":35}},"1":{"start":{"line":4,"column":4},"end":{"line":4,"column":23}},"2":{"start":{"line":5,"column":4},"end":{"line":5,"column":27}}},"fnMap":{"0":{"name":"(anonymous_0)","decl":{"start":{"line":2,"column":2},"end":{"line":2,"column":3}},"loc":{"start":{"line":2,"column":34},"end":{"line":6,"column":3}},"line":2}},"branchMap":{},"s":{"0":13,"1":13,"2":13},"f":{"0":13},"b":{},"_coverageSchema":"1a1c01bbd47fc00a2c39e90264f33305004495a9","hash":"a80335a5820534316c9ddf02a5f2dce8bf395b33"}
,"/Users/alvaroalvaroiporremartinez/Desktop/microverse/projects/ToDoList/src/modules/Tasks.js": {"path":"/Users/alvaroalvaroiporremartinez/Desktop/microverse/projects/ToDoList/src/modules/Tasks.js","statementMap":{"0":{"start":{"line":3,"column":4},"end":{"line":3,"column":73}},"1":{"start":{"line":6,"column":8},"end":{"line":10,"column":3}},"2":{"start":{"line":7,"column":4},"end":{"line":7,"column":25}},"3":{"start":{"line":8,"column":4},"end":{"line":8,"column":30}},"4":{"start":{"line":9,"column":4},"end":{"line":9,"column":21}},"5":{"start":{"line":12,"column":11},"end":{"line":17,"column":3}},"6":{"start":{"line":13,"column":4},"end":{"line":13,"column":64}},"7":{"start":{"line":13,"column":44},"end":{"line":13,"column":62}},"8":{"start":{"line":14,"column":4},"end":{"line":14,"column":23}},"9":{"start":{"line":15,"column":4},"end":{"line":15,"column":30}},"10":{"start":{"line":16,"column":4},"end":{"line":16,"column":21}},"11":{"start":{"line":19,"column":11},"end":{"line":22,"column":3}},"12":{"start":{"line":20,"column":4},"end":{"line":20,"column":51}},"13":{"start":{"line":21,"column":4},"end":{"line":21,"column":30}},"14":{"start":{"line":24,"column":16},"end":{"line":29,"column":3}},"15":{"start":{"line":25,"column":4},"end":{"line":27,"column":5}},"16":{"start":{"line":25,"column":17},"end":{"line":25,"column":18}},"17":{"start":{"line":26,"column":6},"end":{"line":26,"column":33}},"18":{"start":{"line":28,"column":4},"end":{"line":28,"column":30}},"19":{"start":{"line":31,"column":16},"end":{"line":34,"column":3}},"20":{"start":{"line":32,"column":4},"end":{"line":32,"column":69}},"21":{"start":{"line":33,"column":4},"end":{"line":33,"column":30}},"22":{"start":{"line":36,"column":23},"end":{"line":38,"column":3}},"23":{"start":{"line":37,"column":4},"end":{"line":37,"column":61}},"24":{"start":{"line":40,"column":10},"end":{"line":43,"column":3}},"25":{"start":{"line":41,"column":4},"end":{"line":41,"column":68}},"26":{"start":{"line":41,"column":43},"end":{"line":41,"column":66}},"27":{"start":{"line":42,"column":4},"end":{"line":42,"column":23}}},"fnMap":{"0":{"name":"(anonymous_0)","decl":{"start":{"line":2,"column":2},"end":{"line":2,"column":3}},"loc":{"start":{"line":2,"column":16},"end":{"line":4,"column":3}},"line":2},"1":{"name":"(anonymous_1)","decl":{"start":{"line":6,"column":8},"end":{"line":6,"column":9}},"loc":{"start":{"line":6,"column":18},"end":{"line":10,"column":3}},"line":6},"2":{"name":"(anonymous_2)","decl":{"start":{"line":12,"column":11},"end":{"line":12,"column":12}},"loc":{"start":{"line":12,"column":19},"end":{"line":17,"column":3}},"line":12},"3":{"name":"(anonymous_3)","decl":{"start":{"line":13,"column":33},"end":{"line":13,"column":34}},"loc":{"start":{"line":13,"column":44},"end":{"line":13,"column":62}},"line":13},"4":{"name":"(anonymous_4)","decl":{"start":{"line":19,"column":11},"end":{"line":19,"column":12}},"loc":{"start":{"line":19,"column":35},"end":{"line":22,"column":3}},"line":19},"5":{"name":"(anonymous_5)","decl":{"start":{"line":24,"column":16},"end":{"line":24,"column":17}},"loc":{"start":{"line":24,"column":22},"end":{"line":29,"column":3}},"line":24},"6":{"name":"(anonymous_6)","decl":{"start":{"line":31,"column":16},"end":{"line":31,"column":17}},"loc":{"start":{"line":31,"column":27},"end":{"line":34,"column":3}},"line":31},"7":{"name":"(anonymous_7)","decl":{"start":{"line":36,"column":23},"end":{"line":36,"column":24}},"loc":{"start":{"line":36,"column":29},"end":{"line":38,"column":3}},"line":36},"8":{"name":"(anonymous_8)","decl":{"start":{"line":40,"column":10},"end":{"line":40,"column":11}},"loc":{"start":{"line":40,"column":16},"end":{"line":43,"column":3}},"line":40},"9":{"name":"(anonymous_9)","decl":{"start":{"line":41,"column":33},"end":{"line":41,"column":34}},"loc":{"start":{"line":41,"column":43},"end":{"line":41,"column":66}},"line":41}},"branchMap":{"0":{"loc":{"start":{"line":3,"column":16},"end":{"line":3,"column":72}},"type":"cond-expr","locations":[{"start":{"line":3,"column":37},"end":{"line":3,"column":67}},{"start":{"line":3,"column":70},"end":{"line":3,"column":72}}],"line":3}},"s":{"0":7,"1":7,"2":13,"3":13,"4":13,"5":7,"6":2,"7":4,"8":2,"9":2,"10":2,"11":7,"12":1,"13":1,"14":7,"15":3,"16":3,"17":4,"18":3,"19":7,"20":3,"21":3,"22":7,"23":22,"24":7,"25":1,"26":4,"27":1},"f":{"0":7,"1":13,"2":2,"3":4,"4":1,"5":3,"6":3,"7":22,"8":1,"9":4},"b":{"0":[0,7]},"_coverageSchema":"1a1c01bbd47fc00a2c39e90264f33305004495a9","hash":"4af4d953cf15044a01f39e19deb369049f450042"}
}
