TN:
SF:src/modules/Task.js
FN:2,(anonymous_0)
FNF:1
FNH:1
FNDA:13,(anonymous_0)
DA:3,13
DA:4,13
DA:5,13
LF:3
LH:3
BRF:0
BRH:0
end_of_record
TN:
SF:src/modules/Tasks.js
FN:2,(anonymous_0)
FN:6,(anonymous_1)
FN:12,(anonymous_2)
FN:13,(anonymous_3)
FN:19,(anonymous_4)
FN:24,(anonymous_5)
FN:31,(anonymous_6)
FN:36,(anonymous_7)
FN:40,(anonymous_8)
FN:41,(anonymous_9)
FNF:10
FNH:10
FNDA:7,(anonymous_0)
FNDA:13,(anonymous_1)
FNDA:2,(anonymous_2)
FNDA:4,(anonymous_3)
FNDA:1,(anonymous_4)
FNDA:3,(anonymous_5)
FNDA:3,(anonymous_6)
FNDA:22,(anonymous_7)
FNDA:1,(anonymous_8)
FNDA:4,(anonymous_9)
DA:3,7
DA:6,7
DA:7,13
DA:8,13
DA:9,13
DA:12,7
DA:13,4
DA:14,2
DA:15,2
DA:16,2
DA:19,7
DA:20,1
DA:21,1
DA:24,7
DA:25,3
DA:26,4
DA:28,3
DA:31,7
DA:32,3
DA:33,3
DA:36,7
DA:37,22
DA:40,7
DA:41,4
DA:42,1
LF:25
LH:25
BRDA:3,0,0,0
BRDA:3,0,1,7
BRF:2
BRH:1
end_of_record
